<?xml version="1.0" encoding="UTF-8"?>
<!-- Generated by org.testng.reporters.JUnitXMLReporter -->
<testsuite ignored="0" hostname="LAPTOP-ODIK6SBS" failures="0" tests="10" name="Surefire test" time="21.111" errors="0" timestamp="2026-04-22T12:36:55 BDT">
  <testcase classname="api.tests.DDTests" name="testPostUser" time="4.299"/>
  <testcase classname="api.tests.DDTests" name="testPostUser" time="1.465"/>
  <testcase classname="api.tests.DDTests" name="testPostUser" time="1.36"/>
  <testcase classname="api.tests.DDTests" name="testDeleteUserbyName" time="1.45"/>
  <testcase classname="api.tests.DDTests" name="testDeleteUserbyName" time="1.395"/>
  <testcase classname="api.tests.DDTests" name="testDeleteUserbyName" time="1.41"/>
  <testcase classname="api.tests.UserTests" name="testPostUser" time="1.492"/>
  <testcase classname="api.tests.UserTests" name="testGetUser" time="1.379"/>
  <testcase classname="api.tests.UserTests" name="testUpdateUser" time="2.878"/>
  <testcase classname="api.tests.UserTests" name="testDeleteUser" time="1.416"/>
</testsuite> <!-- Surefire test -->
