<?xml version="1.0" encoding="UTF-8"?>
<!-- Generated by org.testng.reporters.JUnitXMLReporter -->
<testsuite ignored="0" hostname="LAPTOP-ODIK6SBS" failures="0" tests="17" name="Surefire test" time="31.318" errors="0" timestamp="2026-04-29T22:15:23 BDT">
  <testcase classname="api.tests.DDTests" name="testPostUser" time="3.226"/>
  <testcase classname="api.tests.DDTests" name="testPostUser" time="1.521"/>
  <testcase classname="api.tests.DDTests" name="testPostUser" time="1.55"/>
  <testcase classname="api.tests.DDTests" name="testDeleteUserbyName" time="1.541"/>
  <testcase classname="api.tests.DDTests" name="testDeleteUserbyName" time="1.537"/>
  <testcase classname="api.tests.DDTests" name="testDeleteUserbyName" time="1.494"/>
  <testcase classname="api.tests.PetTests" name="testPostPet" time="2.051"/>
  <testcase classname="api.tests.PetTests" name="testGetPetById" time="1.529"/>
  <testcase classname="api.tests.PetTests" name="testUpdatePet" time="1.593"/>
  <testcase classname="api.tests.StoreTests" name="testGetStoreInventory" time="1.488"/>
  <testcase classname="api.tests.StoreTests" name="testPostOrder" time="1.559"/>
  <testcase classname="api.tests.StoreTests" name="testGetOrderById" time="1.561"/>
  <testcase classname="api.tests.StoreTests" name="testDeleteOrder" time="1.52"/>
  <testcase classname="api.tests.UserTests" name="testPostUser" time="1.481"/>
  <testcase classname="api.tests.UserTests" name="testGetUser" time="1.511"/>
  <testcase classname="api.tests.UserTests" name="testUpdateUser" time="3.011"/>
  <testcase classname="api.tests.UserTests" name="testDeleteUser" time="1.486"/>
</testsuite> <!-- Surefire test -->
