<?xml version="1.0" encoding="UTF-8"?>
<!-- Generated by org.testng.reporters.JUnitXMLReporter -->
<testsuite ignored="0" hostname="LAPTOP-ODIK6SBS" failures="0" tests="6" name="Default test" time="11.479" errors="0" timestamp="2026-04-21T08:53:13 BDT">
  <testcase classname="api.tests.DDTests" name="testPostUser" time="3.229"/>
  <testcase classname="api.tests.DDTests" name="testPostUser" time="1.455"/>
  <testcase classname="api.tests.DDTests" name="testPostUser" time="1.432"/>
  <testcase classname="api.tests.DDTests" name="testDeleteUserbyName" time="1.464"/>
  <testcase classname="api.tests.DDTests" name="testDeleteUserbyName" time="1.428"/>
  <testcase classname="api.tests.DDTests" name="testDeleteUserbyName" time="1.395"/>
</testsuite> <!-- Default test -->
