<?xml version="1.0" encoding="UTF-8"?>
<testng-results ignored="0" total="17" passed="17" failed="0" skipped="0">
  <reporter-output>
  </reporter-output>
  <suite started-at="2026-04-29T22:14:51 BDT" name="Surefire suite" finished-at="2026-04-29T22:15:23 BDT" duration-ms="31318">
    <groups>
    </groups>
    <test started-at="2026-04-29T22:14:51 BDT" name="Surefire test" finished-at="2026-04-29T22:15:23 BDT" duration-ms="31318">
      <class name="api.tests.UserTests">
        <test-method is-config="true" signature="setupData()[pri:0, instance:api.tests.UserTests@76908cc0]" started-at="2026-04-29T22:15:15 BDT" name="setupData" finished-at="2026-04-29T22:15:15 BDT" duration-ms="67" status="PASS">
          <reporter-output>
          </reporter-output>
        </test-method> <!-- setupData -->
        <test-method signature="testPostUser()[pri:1, instance:api.tests.UserTests@76908cc0]" started-at="2026-04-29T22:15:15 BDT" name="testPostUser" finished-at="2026-04-29T22:15:17 BDT" duration-ms="1481" status="PASS">
          <reporter-output>
          </reporter-output>
        </test-method> <!-- testPostUser -->
        <test-method signature="testGetUser()[pri:2, instance:api.tests.UserTests@76908cc0]" started-at="2026-04-29T22:15:17 BDT" name="testGetUser" finished-at="2026-04-29T22:15:18 BDT" duration-ms="1511" status="PASS">
          <reporter-output>
          </reporter-output>
        </test-method> <!-- testGetUser -->
        <test-method signature="testUpdateUser()[pri:3, instance:api.tests.UserTests@76908cc0]" started-at="2026-04-29T22:15:18 BDT" name="testUpdateUser" finished-at="2026-04-29T22:15:21 BDT" duration-ms="3011" status="PASS">
          <reporter-output>
          </reporter-output>
        </test-method> <!-- testUpdateUser -->
        <test-method signature="testDeleteUser()[pri:4, instance:api.tests.UserTests@76908cc0]" started-at="2026-04-29T22:15:21 BDT" name="testDeleteUser" finished-at="2026-04-29T22:15:23 BDT" duration-ms="1486" status="PASS">
          <reporter-output>
          </reporter-output>
        </test-method> <!-- testDeleteUser -->
      </class> <!-- api.tests.UserTests -->
      <class name="api.tests.DDTests">
        <test-method signature="testPostUser(java.lang.String,java.lang.String,java.lang.String,java.lang.String,java.lang.String,java.lang.String,java.lang.String)[pri:1, instance:api.tests.DDTests@6193932a]" started-at="2026-04-29T22:14:53 BDT" name="testPostUser" data-provider="Data" finished-at="2026-04-29T22:14:56 BDT" duration-ms="3226" status="PASS">
          <params>
            <param index="0">
              <value>
                <![CDATA[2011]]>
              </value>
            </param>
            <param index="1">
              <value>
                <![CDATA[john_doe]]>
              </value>
            </param>
            <param index="2">
              <value>
                <![CDATA[John]]>
              </value>
            </param>
            <param index="3">
              <value>
                <![CDATA[Doe]]>
              </value>
            </param>
            <param index="4">
              <value>
                <![CDATA[john@example.com]]>
              </value>
            </param>
            <param index="5">
              <value>
                <![CDATA[test@123]]>
              </value>
            </param>
            <param index="6">
              <value>
                <![CDATA[9876543210]]>
              </value>
            </param>
          </params>
          <reporter-output>
          </reporter-output>
        </test-method> <!-- testPostUser -->
        <test-method signature="testPostUser(java.lang.String,java.lang.String,java.lang.String,java.lang.String,java.lang.String,java.lang.String,java.lang.String)[pri:1, instance:api.tests.DDTests@6193932a]" started-at="2026-04-29T22:14:56 BDT" name="testPostUser" data-provider="Data" finished-at="2026-04-29T22:14:57 BDT" duration-ms="1521" status="PASS">
          <params>
            <param index="0">
              <value>
                <![CDATA[2016]]>
              </value>
            </param>
            <param index="1">
              <value>
                <![CDATA[jane_smith]]>
              </value>
            </param>
            <param index="2">
              <value>
                <![CDATA[Jane]]>
              </value>
            </param>
            <param index="3">
              <value>
                <![CDATA[Smith]]>
              </value>
            </param>
            <param index="4">
              <value>
                <![CDATA[jane@example.com]]>
              </value>
            </param>
            <param index="5">
              <value>
                <![CDATA[pass@456]]>
              </value>
            </param>
            <param index="6">
              <value>
                <![CDATA[8765432109]]>
              </value>
            </param>
          </params>
          <reporter-output>
          </reporter-output>
        </test-method> <!-- testPostUser -->
        <test-method signature="testPostUser(java.lang.String,java.lang.String,java.lang.String,java.lang.String,java.lang.String,java.lang.String,java.lang.String)[pri:1, instance:api.tests.DDTests@6193932a]" started-at="2026-04-29T22:14:57 BDT" name="testPostUser" data-provider="Data" finished-at="2026-04-29T22:14:59 BDT" duration-ms="1550" status="PASS">
          <params>
            <param index="0">
              <value>
                <![CDATA[2103]]>
              </value>
            </param>
            <param index="1">
              <value>
                <![CDATA[mike_jones]]>
              </value>
            </param>
            <param index="2">
              <value>
                <![CDATA[Mike]]>
              </value>
            </param>
            <param index="3">
              <value>
                <![CDATA[Jones]]>
              </value>
            </param>
            <param index="4">
              <value>
                <![CDATA[mike@example.com]]>
              </value>
            </param>
            <param index="5">
              <value>
                <![CDATA[secret789]]>
              </value>
            </param>
            <param index="6">
              <value>
                <![CDATA[7654321098]]>
              </value>
            </param>
          </params>
          <reporter-output>
          </reporter-output>
        </test-method> <!-- testPostUser -->
        <test-method signature="testDeleteUserbyName(java.lang.String)[pri:2, instance:api.tests.DDTests@6193932a]" started-at="2026-04-29T22:14:59 BDT" name="testDeleteUserbyName" data-provider="UserNames" finished-at="2026-04-29T22:15:00 BDT" duration-ms="1541" status="PASS">
          <params>
            <param index="0">
              <value>
                <![CDATA[john_doe]]>
              </value>
            </param>
          </params>
          <reporter-output>
          </reporter-output>
        </test-method> <!-- testDeleteUserbyName -->
        <test-method signature="testDeleteUserbyName(java.lang.String)[pri:2, instance:api.tests.DDTests@6193932a]" started-at="2026-04-29T22:15:00 BDT" name="testDeleteUserbyName" data-provider="UserNames" finished-at="2026-04-29T22:15:02 BDT" duration-ms="1537" status="PASS">
          <params>
            <param index="0">
              <value>
                <![CDATA[jane_smith]]>
              </value>
            </param>
          </params>
          <reporter-output>
          </reporter-output>
        </test-method> <!-- testDeleteUserbyName -->
        <test-method signature="testDeleteUserbyName(java.lang.String)[pri:2, instance:api.tests.DDTests@6193932a]" started-at="2026-04-29T22:15:02 BDT" name="testDeleteUserbyName" data-provider="UserNames" finished-at="2026-04-29T22:15:04 BDT" duration-ms="1494" status="PASS">
          <params>
            <param index="0">
              <value>
                <![CDATA[mike_jones]]>
              </value>
            </param>
          </params>
          <reporter-output>
          </reporter-output>
        </test-method> <!-- testDeleteUserbyName -->
      </class> <!-- api.tests.DDTests -->
      <class name="api.tests.PetTests">
        <test-method is-config="true" signature="setupData()[pri:0, instance:api.tests.PetTests@22a637e7]" started-at="2026-04-29T22:15:04 BDT" name="setupData" finished-at="2026-04-29T22:15:04 BDT" duration-ms="157" status="PASS">
          <reporter-output>
          </reporter-output>
        </test-method> <!-- setupData -->
        <test-method signature="testPostPet()[pri:1, instance:api.tests.PetTests@22a637e7]" started-at="2026-04-29T22:15:04 BDT" name="testPostPet" finished-at="2026-04-29T22:15:06 BDT" duration-ms="2051" status="PASS">
          <reporter-output>
          </reporter-output>
        </test-method> <!-- testPostPet -->
        <test-method signature="testGetPetById()[pri:2, instance:api.tests.PetTests@22a637e7]" started-at="2026-04-29T22:15:06 BDT" name="testGetPetById" finished-at="2026-04-29T22:15:07 BDT" duration-ms="1529" status="PASS">
          <reporter-output>
          </reporter-output>
        </test-method> <!-- testGetPetById -->
        <test-method signature="testUpdatePet()[pri:3, instance:api.tests.PetTests@22a637e7]" started-at="2026-04-29T22:15:07 BDT" name="testUpdatePet" finished-at="2026-04-29T22:15:09 BDT" duration-ms="1593" status="PASS">
          <reporter-output>
          </reporter-output>
        </test-method> <!-- testUpdatePet -->
      </class> <!-- api.tests.PetTests -->
      <class name="api.tests.StoreTests">
        <test-method is-config="true" signature="setupData()[pri:0, instance:api.tests.StoreTests@659a969b]" started-at="2026-04-29T22:15:09 BDT" name="setupData" finished-at="2026-04-29T22:15:09 BDT" duration-ms="14" status="PASS">
          <reporter-output>
          </reporter-output>
        </test-method> <!-- setupData -->
        <test-method signature="testGetStoreInventory()[pri:1, instance:api.tests.StoreTests@659a969b]" started-at="2026-04-29T22:15:09 BDT" name="testGetStoreInventory" finished-at="2026-04-29T22:15:10 BDT" duration-ms="1488" status="PASS">
          <reporter-output>
          </reporter-output>
        </test-method> <!-- testGetStoreInventory -->
        <test-method signature="testPostOrder()[pri:2, instance:api.tests.StoreTests@659a969b]" started-at="2026-04-29T22:15:10 BDT" name="testPostOrder" finished-at="2026-04-29T22:15:12 BDT" duration-ms="1559" status="PASS">
          <reporter-output>
          </reporter-output>
        </test-method> <!-- testPostOrder -->
        <test-method signature="testGetOrderById()[pri:3, instance:api.tests.StoreTests@659a969b]" started-at="2026-04-29T22:15:12 BDT" name="testGetOrderById" finished-at="2026-04-29T22:15:13 BDT" depends-on-methods="api.tests.StoreTests.testPostOrder" duration-ms="1561" status="PASS">
          <reporter-output>
          </reporter-output>
        </test-method> <!-- testGetOrderById -->
        <test-method signature="testDeleteOrder()[pri:4, instance:api.tests.StoreTests@659a969b]" started-at="2026-04-29T22:15:13 BDT" name="testDeleteOrder" finished-at="2026-04-29T22:15:15 BDT" depends-on-methods="api.tests.StoreTests.testPostOrder" duration-ms="1520" status="PASS">
          <reporter-output>
          </reporter-output>
        </test-method> <!-- testDeleteOrder -->
      </class> <!-- api.tests.StoreTests -->
    </test> <!-- Surefire test -->
  </suite> <!-- Surefire suite -->
</testng-results>
