<?xml version="1.0" encoding="UTF-8"?>
<testsuite xmlns:xsi="http://www.w3.org/2001/XMLSchema-instance" xsi:noNamespaceSchemaLocation="https://maven.apache.org/surefire/maven-surefire-plugin/xsd/surefire-test-report.xsd" version="3.0.2" name="TestSuite" time="21.028" tests="10" errors="0" skipped="0" failures="0" flakes="0">
  <properties>
[...]
</properties>
  <testcase name="testPostUser[2011, john_doe, John, Doe, john@example.com, test@123, 9876543210](1)" classname="api.tests.DDTests" time="3.175">
    <system-err><![CDATA[SLF4J(W): No SLF4J providers were found.
SLF4J(W): Defaulting to no-operation (NOP) logger implementation
SLF4J(W): See https://www.slf4j.org/codes.html#noProviders for further details.
]]></system-err>
  </testcase>
  <testcase name="testPostUser[2016, jane_smith, Jane, Smith, jane@example.com, pass@456, 8765432109](2)" classname="api.tests.DDTests" time="1.594"/>
  <testcase name="testPostUser[2103, mike_jones, Mike, Jones, mike@example.com, secret789, 7654321098](3)" classname="api.tests.DDTests" time="1.54"/>
  <testcase name="testDeleteUserbyName[john_doe](1)" classname="api.tests.DDTests" time="1.683"/>
  <testcase name="testDeleteUserbyName[jane_smith](2)" classname="api.tests.DDTests" time="1.594"/>
  <testcase name="testDeleteUserbyName[mike_jones](3)" classname="api.tests.DDTests" time="1.617"/>
  <testcase name="testPostUser" classname="api.tests.UserTests" time="1.642">
    <system-out><![CDATA[HTTP/1.1 200 OK
Date: Fri, 24 Apr 2026 02:44:07 GMT
Content-Type: application/json
Transfer-Encoding: chunked
Connection: keep-alive
Access-Control-Allow-Origin: *
Access-Control-Allow-Methods: GET, POST, DELETE, PUT
Access-Control-Allow-Headers: Content-Type, api_key, Authorization
Server: Jetty(9.2.9.v20150224)

{
    "code": 200,
    "type": "unknown",
    "message": "653745564"
}
]]></system-out>
  </testcase>
  <testcase name="testGetUser" classname="api.tests.UserTests" time="1.59">
    <system-out><![CDATA[HTTP/1.1 200 OK
Date: Fri, 24 Apr 2026 02:44:09 GMT
Content-Type: application/json
Transfer-Encoding: chunked
Connection: keep-alive
Access-Control-Allow-Origin: *
Access-Control-Allow-Methods: GET, POST, DELETE, PUT
Access-Control-Allow-Headers: Content-Type, api_key, Authorization
Server: Jetty(9.2.9.v20150224)

{
    "id": 653745564,
    "username": "parthenia.runolfsson",
    "firstName": "Dwight",
    "lastName": "Kovacek",
    "email": "karla.lockman@example.com",
    "password": "86avrv7",
    "phone": "138-148-4814",
    "userStatus": 0
}
]]></system-out>
  </testcase>
  <testcase name="testUpdateUser" classname="api.tests.UserTests" time="3.199">
    <system-out><![CDATA[{
    "code": 200,
    "type": "unknown",
    "message": "653745564"
}
]]></system-out>
  </testcase>
  <testcase name="testDeleteUser" classname="api.tests.UserTests" time="1.503">
    <system-out><![CDATA[HTTP/1.1 200 OK
Date: Fri, 24 Apr 2026 02:44:14 GMT
Content-Type: application/json
Transfer-Encoding: chunked
Connection: keep-alive
Access-Control-Allow-Origin: *
Access-Control-Allow-Methods: GET, POST, DELETE, PUT
Access-Control-Allow-Headers: Content-Type, api_key, Authorization
Server: Jetty(9.2.9.v20150224)

{
    "code": 200,
    "type": "unknown",
    "message": "parthenia.runolfsson"
}
]]></system-out>
  </testcase>
</testsuite>