<?xml version="1.0" encoding="UTF-8"?>
<testng-results ignored="0" total="10" passed="10" failed="0" skipped="0">
  <reporter-output>
  </reporter-output>
  <suite started-at="2026-04-22T12:36:34 BDT" name="Surefire suite" finished-at="2026-04-22T12:36:55 BDT" duration-ms="21111">
    <groups>
    </groups>
    <test started-at="2026-04-22T12:36:34 BDT" name="Surefire test" finished-at="2026-04-22T12:36:55 BDT" duration-ms="21111">
      <class name="api.tests.UserTests">
        <test-method is-config="true" signature="setupData()[pri:0, instance:api.tests.UserTests@2f7c2f4f]" started-at="2026-04-22T12:36:48 BDT" name="setupData" finished-at="2026-04-22T12:36:48 BDT" duration-ms="185" status="PASS">
          <reporter-output>
          </reporter-output>
        </test-method> <!-- setupData -->
        <test-method signature="testPostUser()[pri:1, instance:api.tests.UserTests@2f7c2f4f]" started-at="2026-04-22T12:36:48 BDT" name="testPostUser" finished-at="2026-04-22T12:36:49 BDT" duration-ms="1492" status="PASS">
          <reporter-output>
          </reporter-output>
        </test-method> <!-- testPostUser -->
        <test-method signature="testGetUser()[pri:2, instance:api.tests.UserTests@2f7c2f4f]" started-at="2026-04-22T12:36:49 BDT" name="testGetUser" finished-at="2026-04-22T12:36:51 BDT" duration-ms="1379" status="PASS">
          <reporter-output>
          </reporter-output>
        </test-method> <!-- testGetUser -->
        <test-method signature="testUpdateUser()[pri:3, instance:api.tests.UserTests@2f7c2f4f]" started-at="2026-04-22T12:36:51 BDT" name="testUpdateUser" finished-at="2026-04-22T12:36:54 BDT" duration-ms="2878" status="PASS">
          <reporter-output>
          </reporter-output>
        </test-method> <!-- testUpdateUser -->
        <test-method signature="testDeleteUser()[pri:4, instance:api.tests.UserTests@2f7c2f4f]" started-at="2026-04-22T12:36:54 BDT" name="testDeleteUser" finished-at="2026-04-22T12:36:55 BDT" duration-ms="1416" status="PASS">
          <reporter-output>
          </reporter-output>
        </test-method> <!-- testDeleteUser -->
      </class> <!-- api.tests.UserTests -->
      <class name="api.tests.DDTests">
        <test-method signature="testPostUser(java.lang.String,java.lang.String,java.lang.String,java.lang.String,java.lang.String,java.lang.String,java.lang.String)[pri:1, instance:api.tests.DDTests@3c9d0b9d]" started-at="2026-04-22T12:36:36 BDT" name="testPostUser" data-provider="Data" finished-at="2026-04-22T12:36:40 BDT" duration-ms="4299" status="PASS">
          <params>
            <param index="0">
              <value>
                <![CDATA[2011]]>
              </value>
            </param>
            <param index="1">
              <value>
                <![CDATA[john_doe]]>
              </value>
            </param>
            <param index="2">
              <value>
                <![CDATA[John]]>
              </value>
            </param>
            <param index="3">
              <value>
                <![CDATA[Doe]]>
              </value>
            </param>
            <param index="4">
              <value>
                <![CDATA[john@example.com]]>
              </value>
            </param>
            <param index="5">
              <value>
                <![CDATA[test@123]]>
              </value>
            </param>
            <param index="6">
              <value>
                <![CDATA[9876543210]]>
              </value>
            </param>
          </params>
          <reporter-output>
          </reporter-output>
        </test-method> <!-- testPostUser -->
        <test-method signature="testPostUser(java.lang.String,java.lang.String,java.lang.String,java.lang.String,java.lang.String,java.lang.String,java.lang.String)[pri:1, instance:api.tests.DDTests@3c9d0b9d]" started-at="2026-04-22T12:36:40 BDT" name="testPostUser" data-provider="Data" finished-at="2026-04-22T12:36:42 BDT" duration-ms="1465" status="PASS">
          <params>
            <param index="0">
              <value>
                <![CDATA[2016]]>
              </value>
            </param>
            <param index="1">
              <value>
                <![CDATA[jane_smith]]>
              </value>
            </param>
            <param index="2">
              <value>
                <![CDATA[Jane]]>
              </value>
            </param>
            <param index="3">
              <value>
                <![CDATA[Smith]]>
              </value>
            </param>
            <param index="4">
              <value>
                <![CDATA[jane@example.com]]>
              </value>
            </param>
            <param index="5">
              <value>
                <![CDATA[pass@456]]>
              </value>
            </param>
            <param index="6">
              <value>
                <![CDATA[8765432109]]>
              </value>
            </param>
          </params>
          <reporter-output>
          </reporter-output>
        </test-method> <!-- testPostUser -->
        <test-method signature="testPostUser(java.lang.String,java.lang.String,java.lang.String,java.lang.String,java.lang.String,java.lang.String,java.lang.String)[pri:1, instance:api.tests.DDTests@3c9d0b9d]" started-at="2026-04-22T12:36:42 BDT" name="testPostUser" data-provider="Data" finished-at="2026-04-22T12:36:43 BDT" duration-ms="1360" status="PASS">
          <params>
            <param index="0">
              <value>
                <![CDATA[2103]]>
              </value>
            </param>
            <param index="1">
              <value>
                <![CDATA[mike_jones]]>
              </value>
            </param>
            <param index="2">
              <value>
                <![CDATA[Mike]]>
              </value>
            </param>
            <param index="3">
              <value>
                <![CDATA[Jones]]>
              </value>
            </param>
            <param index="4">
              <value>
                <![CDATA[mike@example.com]]>
              </value>
            </param>
            <param index="5">
              <value>
                <![CDATA[secret789]]>
              </value>
            </param>
            <param index="6">
              <value>
                <![CDATA[7654321098]]>
              </value>
            </param>
          </params>
          <reporter-output>
          </reporter-output>
        </test-method> <!-- testPostUser -->
        <test-method signature="testDeleteUserbyName(java.lang.String)[pri:2, instance:api.tests.DDTests@3c9d0b9d]" started-at="2026-04-22T12:36:43 BDT" name="testDeleteUserbyName" data-provider="UserNames" finished-at="2026-04-22T12:36:45 BDT" duration-ms="1450" status="PASS">
          <params>
            <param index="0">
              <value>
                <![CDATA[john_doe]]>
              </value>
            </param>
          </params>
          <reporter-output>
          </reporter-output>
        </test-method> <!-- testDeleteUserbyName -->
        <test-method signature="testDeleteUserbyName(java.lang.String)[pri:2, instance:api.tests.DDTests@3c9d0b9d]" started-at="2026-04-22T12:36:45 BDT" name="testDeleteUserbyName" data-provider="UserNames" finished-at="2026-04-22T12:36:46 BDT" duration-ms="1395" status="PASS">
          <params>
            <param index="0">
              <value>
                <![CDATA[jane_smith]]>
              </value>
            </param>
          </params>
          <reporter-output>
          </reporter-output>
        </test-method> <!-- testDeleteUserbyName -->
        <test-method signature="testDeleteUserbyName(java.lang.String)[pri:2, instance:api.tests.DDTests@3c9d0b9d]" started-at="2026-04-22T12:36:46 BDT" name="testDeleteUserbyName" data-provider="UserNames" finished-at="2026-04-22T12:36:48 BDT" duration-ms="1410" status="PASS">
          <params>
            <param index="0">
              <value>
                <![CDATA[mike_jones]]>
              </value>
            </param>
          </params>
          <reporter-output>
          </reporter-output>
        </test-method> <!-- testDeleteUserbyName -->
      </class> <!-- api.tests.DDTests -->
    </test> <!-- Surefire test -->
  </suite> <!-- Surefire suite -->
</testng-results>
