<?xml version="1.0" encoding="UTF-8"?>
<testng-results ignored="0" total="4" passed="4" failed="0" skipped="0">
  <reporter-output>
  </reporter-output>
  <suite started-at="2026-04-22T09:33:52 BDT" name="PetSuite" finished-at="2026-04-22T09:34:02 BDT" duration-ms="9626">
    <groups>
    </groups>
    <test started-at="2026-04-22T09:33:52 BDT" name="PetTest" finished-at="2026-04-22T09:34:02 BDT" duration-ms="9626">
      <class name="api.tests.UserTests2">
        <test-method is-config="true" signature="setupData()[pri:0, instance:api.tests.UserTests2@2d901eb0]" started-at="2026-04-22T09:33:52 BDT" name="setupData" finished-at="2026-04-22T09:33:53 BDT" duration-ms="533" status="PASS">
          <reporter-output>
          </reporter-output>
        </test-method> <!-- setupData -->
        <test-method signature="testPostUser()[pri:1, instance:api.tests.UserTests2@2d901eb0]" started-at="2026-04-22T09:33:53 BDT" name="testPostUser" finished-at="2026-04-22T09:33:56 BDT" duration-ms="3137" status="PASS">
          <reporter-output>
          </reporter-output>
        </test-method> <!-- testPostUser -->
        <test-method signature="testGetUser()[pri:2, instance:api.tests.UserTests2@2d901eb0]" started-at="2026-04-22T09:33:56 BDT" name="testGetUser" finished-at="2026-04-22T09:33:58 BDT" duration-ms="1491" status="PASS">
          <reporter-output>
          </reporter-output>
        </test-method> <!-- testGetUser -->
        <test-method signature="testUpdateUser()[pri:3, instance:api.tests.UserTests2@2d901eb0]" started-at="2026-04-22T09:33:58 BDT" name="testUpdateUser" finished-at="2026-04-22T09:34:00 BDT" duration-ms="2764" status="PASS">
          <reporter-output>
          </reporter-output>
        </test-method> <!-- testUpdateUser -->
        <test-method signature="testDeleteUser()[pri:4, instance:api.tests.UserTests2@2d901eb0]" started-at="2026-04-22T09:34:00 BDT" name="testDeleteUser" finished-at="2026-04-22T09:34:02 BDT" duration-ms="1408" status="PASS">
          <reporter-output>
          </reporter-output>
        </test-method> <!-- testDeleteUser -->
      </class> <!-- api.tests.UserTests2 -->
    </test> <!-- PetTest -->
  </suite> <!-- PetSuite -->
</testng-results>
