<?xml version="1.0" encoding="UTF-8"?>
<testng-results ignored="0" total="11" passed="11" failed="0" skipped="0">
  <reporter-output>
  </reporter-output>
  <suite started-at="2026-04-29T22:08:38 BDT" name="PetSuite" finished-at="2026-04-29T22:08:48 BDT" duration-ms="9848">
    <groups>
    </groups>
    <test started-at="2026-04-29T22:08:38 BDT" name="PetTest" finished-at="2026-04-29T22:08:45 BDT" duration-ms="7123">
      <class name="api.tests.PetTests">
        <test-method is-config="true" signature="setupData()[pri:0, instance:api.tests.PetTests@4007f65e]" started-at="2026-04-29T22:08:38 BDT" name="setupData" finished-at="2026-04-29T22:08:38 BDT" duration-ms="154" status="PASS">
          <reporter-output>
          </reporter-output>
        </test-method> <!-- setupData -->
        <test-method signature="testPostPet()[pri:1, instance:api.tests.PetTests@4007f65e]" started-at="2026-04-29T22:08:38 BDT" name="testPostPet" finished-at="2026-04-29T22:08:42 BDT" duration-ms="3571" status="PASS">
          <reporter-output>
          </reporter-output>
        </test-method> <!-- testPostPet -->
        <test-method signature="testGetPetById()[pri:2, instance:api.tests.PetTests@4007f65e]" started-at="2026-04-29T22:08:42 BDT" name="testGetPetById" finished-at="2026-04-29T22:08:43 BDT" duration-ms="1572" status="PASS">
          <reporter-output>
          </reporter-output>
        </test-method> <!-- testGetPetById -->
        <test-method signature="testUpdatePet()[pri:3, instance:api.tests.PetTests@4007f65e]" started-at="2026-04-29T22:08:43 BDT" name="testUpdatePet" finished-at="2026-04-29T22:08:45 BDT" duration-ms="1593" status="PASS">
          <reporter-output>
          </reporter-output>
        </test-method> <!-- testUpdatePet -->
      </class> <!-- api.tests.PetTests -->
    </test> <!-- PetTest -->
    <test started-at="2026-04-29T22:08:38 BDT" name="StoreTest" finished-at="2026-04-29T22:08:46 BDT" duration-ms="8289">
      <class name="api.tests.StoreTests">
        <test-method is-config="true" signature="setupData()[pri:0, instance:api.tests.StoreTests@4d0d9fe7]" started-at="2026-04-29T22:08:38 BDT" name="setupData" finished-at="2026-04-29T22:08:38 BDT" duration-ms="22" status="PASS">
          <reporter-output>
          </reporter-output>
        </test-method> <!-- setupData -->
        <test-method signature="testGetStoreInventory()[pri:1, instance:api.tests.StoreTests@4d0d9fe7]" started-at="2026-04-29T22:08:38 BDT" name="testGetStoreInventory" finished-at="2026-04-29T22:08:42 BDT" duration-ms="3273" status="PASS">
          <reporter-output>
          </reporter-output>
        </test-method> <!-- testGetStoreInventory -->
        <test-method signature="testPostOrder()[pri:2, instance:api.tests.StoreTests@4d0d9fe7]" started-at="2026-04-29T22:08:42 BDT" name="testPostOrder" finished-at="2026-04-29T22:08:43 BDT" duration-ms="1587" status="PASS">
          <reporter-output>
          </reporter-output>
        </test-method> <!-- testPostOrder -->
        <test-method signature="testGetOrderById()[pri:3, instance:api.tests.StoreTests@4d0d9fe7]" started-at="2026-04-29T22:08:43 BDT" name="testGetOrderById" finished-at="2026-04-29T22:08:45 BDT" depends-on-methods="api.tests.StoreTests.testPostOrder" duration-ms="1598" status="PASS">
          <reporter-output>
          </reporter-output>
        </test-method> <!-- testGetOrderById -->
        <test-method signature="testDeleteOrder()[pri:4, instance:api.tests.StoreTests@4d0d9fe7]" started-at="2026-04-29T22:08:45 BDT" name="testDeleteOrder" finished-at="2026-04-29T22:08:46 BDT" depends-on-methods="api.tests.StoreTests.testPostOrder" duration-ms="1533" status="PASS">
          <reporter-output>
          </reporter-output>
        </test-method> <!-- testDeleteOrder -->
      </class> <!-- api.tests.StoreTests -->
    </test> <!-- StoreTest -->
    <test started-at="2026-04-29T22:08:38 BDT" name="UserTest" finished-at="2026-04-29T22:08:48 BDT" duration-ms="9848">
      <class name="api.tests.UserTests">
        <test-method is-config="true" signature="setupData()[pri:0, instance:api.tests.UserTests@3f191845]" started-at="2026-04-29T22:08:38 BDT" name="setupData" finished-at="2026-04-29T22:08:39 BDT" duration-ms="787" status="PASS">
          <reporter-output>
          </reporter-output>
        </test-method> <!-- setupData -->
        <test-method signature="testPostUser()[pri:1, instance:api.tests.UserTests@3f191845]" started-at="2026-04-29T22:08:39 BDT" name="testPostUser" finished-at="2026-04-29T22:08:42 BDT" duration-ms="2614" status="PASS">
          <reporter-output>
          </reporter-output>
        </test-method> <!-- testPostUser -->
        <test-method signature="testGetUser()[pri:2, instance:api.tests.UserTests@3f191845]" started-at="2026-04-29T22:08:42 BDT" name="testGetUser" finished-at="2026-04-29T22:08:43 BDT" duration-ms="1580" status="PASS">
          <reporter-output>
          </reporter-output>
        </test-method> <!-- testGetUser -->
        <test-method signature="testUpdateUser()[pri:3, instance:api.tests.UserTests@3f191845]" started-at="2026-04-29T22:08:43 BDT" name="testUpdateUser" finished-at="2026-04-29T22:08:46 BDT" duration-ms="3148" status="PASS">
          <reporter-output>
          </reporter-output>
        </test-method> <!-- testUpdateUser -->
        <test-method signature="testDeleteUser()[pri:4, instance:api.tests.UserTests@3f191845]" started-at="2026-04-29T22:08:46 BDT" name="testDeleteUser" finished-at="2026-04-29T22:08:48 BDT" duration-ms="1551" status="PASS">
          <reporter-output>
          </reporter-output>
        </test-method> <!-- testDeleteUser -->
      </class> <!-- api.tests.UserTests -->
    </test> <!-- UserTest -->
  </suite> <!-- PetSuite -->
</testng-results>
