<?xml version="1.0" encoding="UTF-8"?>
<!-- Generated by org.testng.reporters.JUnitReportReporter -->
<testsuite hostname="LAPTOP-ODIK6SBS" failures="0" tests="6" name="api.tests.DDTests" time="10.247" errors="0" timestamp="2026-04-21T09:56:59 BDT" skipped="0">
  <testcase classname="api.tests.DDTests" name="testPostUser" time="1.468"/>
  <testcase classname="api.tests.DDTests" name="testPostUser" time="3.099"/>
  <testcase classname="api.tests.DDTests" name="testPostUser" time="1.429"/>
  <testcase classname="api.tests.DDTests" name="testDeleteUserbyName" time="1.415"/>
  <testcase classname="api.tests.DDTests" name="testDeleteUserbyName" time="1.465"/>
  <testcase classname="api.tests.DDTests" name="testDeleteUserbyName" time="1.371"/>
</testsuite> <!-- api.tests.DDTests -->
