<?xml version="1.0" encoding="UTF-8"?>
<!-- Generated by org.testng.reporters.JUnitReportReporter -->
<testsuite hostname="LAPTOP-ODIK6SBS" failures="0" tests="3" name="api.tests.PetTests" time="6.784" errors="0" timestamp="2026-04-29T22:22:45 BDT" skipped="0">
  <testcase classname="api.tests.PetTests" name="testPostPet" time="3.663"/>
  <testcase classname="api.tests.PetTests" name="testGetPetById" time="1.501"/>
  <testcase classname="api.tests.PetTests" name="testUpdatePet" time="1.620"/>
</testsuite> <!-- api.tests.PetTests -->
