<?xml version="1.0" encoding="UTF-8"?>
<!-- Generated by org.testng.reporters.JUnitReportReporter -->
<testsuite hostname="LAPTOP-ODIK6SBS" failures="0" tests="12" name="api.tests.DDTests2" time="21.388" errors="0" timestamp="2026-04-24T08:43:02 BDT" skipped="0">
  <testcase classname="api.tests.DDTests2" name="testPostUser" time="3.640"/>
  <testcase classname="api.tests.DDTests2" name="testPostUser" time="1.599"/>
  <testcase classname="api.tests.DDTests2" name="testPostUser" time="1.608"/>
  <testcase classname="api.tests.DDTests2" name="testGetUserbyName" time="1.624"/>
  <testcase classname="api.tests.DDTests2" name="testGetUserbyName" time="1.578"/>
  <testcase classname="api.tests.DDTests2" name="testGetUserbyName" time="1.622"/>
  <testcase classname="api.tests.DDTests2" name="testUpdateUserbyName" time="1.604"/>
  <testcase classname="api.tests.DDTests2" name="testUpdateUserbyName" time="1.612"/>
  <testcase classname="api.tests.DDTests2" name="testUpdateUserbyName" time="1.721"/>
  <testcase classname="api.tests.DDTests2" name="testDeleteUserbyName" time="1.619"/>
  <testcase classname="api.tests.DDTests2" name="testDeleteUserbyName" time="1.580"/>
  <testcase classname="api.tests.DDTests2" name="testDeleteUserbyName" time="1.581"/>
</testsuite> <!-- api.tests.DDTests2 -->
