<?xml version="1.0" encoding="UTF-8"?>
<!-- Generated by org.testng.reporters.JUnitReportReporter -->
<testsuite hostname="LAPTOP-ODIK6SBS" failures="0" tests="3" name="api.tests.PetTests" time="5.173" errors="0" timestamp="2026-04-29T22:15:23 BDT" skipped="0">
  <testcase classname="api.tests.PetTests" name="testPostPet" time="2.051"/>
  <testcase classname="api.tests.PetTests" name="testGetPetById" time="1.529"/>
  <testcase classname="api.tests.PetTests" name="testUpdatePet" time="1.593"/>
</testsuite> <!-- api.tests.PetTests -->
