<?xml version="1.0" encoding="UTF-8"?>
<!-- Generated by org.testng.reporters.JUnitReportReporter -->
<testsuite hostname="LAPTOP-ODIK6SBS" failures="0" tests="4" name="api.tests.UserTests" time="7.489" errors="0" timestamp="2026-04-29T22:15:23 BDT" skipped="0">
  <testcase classname="api.tests.UserTests" name="testPostUser" time="1.481"/>
  <testcase classname="api.tests.UserTests" name="testGetUser" time="1.511"/>
  <testcase classname="api.tests.UserTests" name="testUpdateUser" time="3.011"/>
  <testcase classname="api.tests.UserTests" name="testDeleteUser" time="1.486"/>
</testsuite> <!-- api.tests.UserTests -->
