<?xml version="1.0" encoding="UTF-8"?>
<!-- Generated by org.testng.reporters.JUnitReportReporter -->
<testsuite hostname="LAPTOP-ODIK6SBS" failures="0" tests="6" name="api.tests.DDTests" time="10.869" errors="0" timestamp="2026-04-29T22:15:23 BDT" skipped="0">
  <testcase classname="api.tests.DDTests" name="testPostUser" time="1.521"/>
  <testcase classname="api.tests.DDTests" name="testPostUser" time="3.226"/>
  <testcase classname="api.tests.DDTests" name="testPostUser" time="1.550"/>
  <testcase classname="api.tests.DDTests" name="testDeleteUserbyName" time="1.537"/>
  <testcase classname="api.tests.DDTests" name="testDeleteUserbyName" time="1.541"/>
  <testcase classname="api.tests.DDTests" name="testDeleteUserbyName" time="1.494"/>
</testsuite> <!-- api.tests.DDTests -->
