<?xml version="1.0" encoding="UTF-8"?>
<!-- Generated by org.testng.reporters.JUnitReportReporter -->
<testsuite hostname="LAPTOP-ODIK6SBS" failures="0" tests="6" name="api.tests.DDTests" time="11.199" errors="0" timestamp="2026-04-24T08:44:16 BDT" skipped="0">
  <testcase classname="api.tests.DDTests" name="testPostUser" time="3.176"/>
  <testcase classname="api.tests.DDTests" name="testPostUser" time="1.594"/>
  <testcase classname="api.tests.DDTests" name="testPostUser" time="1.538"/>
  <testcase classname="api.tests.DDTests" name="testDeleteUserbyName" time="1.594"/>
  <testcase classname="api.tests.DDTests" name="testDeleteUserbyName" time="1.616"/>
  <testcase classname="api.tests.DDTests" name="testDeleteUserbyName" time="1.681"/>
</testsuite> <!-- api.tests.DDTests -->
