<?xml version="1.0" encoding="UTF-8"?>
<!-- Generated by org.testng.reporters.JUnitXMLReporter -->
<testsuite ignored="0" hostname="LAPTOP-ODIK6SBS" failures="0" tests="4" name="PetTest" time="9.626" errors="0" timestamp="2026-04-22T09:34:02 BDT">
  <testcase classname="api.tests.UserTests2" name="testPostUser" time="3.137"/>
  <testcase classname="api.tests.UserTests2" name="testGetUser" time="1.491"/>
  <testcase classname="api.tests.UserTests2" name="testUpdateUser" time="2.764"/>
  <testcase classname="api.tests.UserTests2" name="testDeleteUser" time="1.408"/>
</testsuite> <!-- PetTest -->
