<?xml version="1.0" encoding="UTF-8"?>
<!-- Generated by org.testng.reporters.JUnitXMLReporter -->
<testsuite ignored="0" hostname="LAPTOP-ODIK6SBS" failures="0" tests="3" name="PetTest" time="7.338" errors="0" timestamp="2026-04-29T22:22:43 BDT">
  <testcase classname="api.tests.PetTests" name="testPostPet" time="3.663"/>
  <testcase classname="api.tests.PetTests" name="testGetPetById" time="1.501"/>
  <testcase classname="api.tests.PetTests" name="testUpdatePet" time="1.62"/>
</testsuite> <!-- PetTest -->
