<?xml version="1.0" encoding="UTF-8"?>
<!-- Generated by org.testng.reporters.JUnitXMLReporter -->
<testsuite ignored="0" hostname="LAPTOP-ODIK6SBS" failures="0" tests="4" name="StoreTest" time="11.003" errors="0" timestamp="2026-04-29T10:04:34 BDT">
  <testcase classname="api.tests.StoreTests" name="testGetStoreInventory" time="4.626"/>
  <testcase classname="api.tests.StoreTests" name="testPostOrder" time="2.731"/>
  <testcase classname="api.tests.StoreTests" name="testGetOrderById" time="1.689"/>
  <testcase classname="api.tests.StoreTests" name="testDeleteOrder" time="1.834"/>
</testsuite> <!-- StoreTest -->
