<?xml version="1.0" encoding="UTF-8"?>
<!-- Generated by org.testng.reporters.JUnitXMLReporter -->
<testsuite ignored="0" hostname="LAPTOP-ODIK6SBS" failures="0" tests="4" name="StoreTest" time="8.289" errors="0" timestamp="2026-04-29T22:08:46 BDT">
  <testcase classname="api.tests.StoreTests" name="testGetStoreInventory" time="3.273"/>
  <testcase classname="api.tests.StoreTests" name="testPostOrder" time="1.587"/>
  <testcase classname="api.tests.StoreTests" name="testGetOrderById" time="1.598"/>
  <testcase classname="api.tests.StoreTests" name="testDeleteOrder" time="1.533"/>
</testsuite> <!-- StoreTest -->
