<?xml version="1.0" encoding="UTF-8"?>
<!-- Generated by org.testng.reporters.JUnitXMLReporter -->
<testsuite ignored="0" hostname="LAPTOP-ODIK6SBS" failures="0" tests="4" name="UserTest" time="10.041" errors="0" timestamp="2026-04-29T22:22:45 BDT">
  <testcase classname="api.tests.UserTests" name="testPostUser" time="2.64"/>
  <testcase classname="api.tests.UserTests" name="testGetUser" time="1.604"/>
  <testcase classname="api.tests.UserTests" name="testUpdateUser" time="3.1"/>
  <testcase classname="api.tests.UserTests" name="testDeleteUser" time="1.588"/>
</testsuite> <!-- UserTest -->
